CRITICAL - 2021-11-20 00:15:11 --> Invalid file: layouts/app.php
#0 C:\xampp\htdocs\umpp_rps\vendor\codeigniter4\framework\system\View\View.php(198): CodeIgniter\Exceptions\FrameworkException::forInvalidFile('layouts/app.php')
#1 C:\xampp\htdocs\umpp_rps\vendor\codeigniter4\framework\system\View\View.php(230): CodeIgniter\View\View->render('layouts/app', Array, true)
#2 C:\xampp\htdocs\umpp_rps\vendor\codeigniter4\framework\system\Common.php(1097): CodeIgniter\View\View->render('login', Array, true)
#3 C:\xampp\htdocs\umpp_rps\app\Controllers\UserController.php(53): view('login')
#4 C:\xampp\htdocs\umpp_rps\vendor\codeigniter4\framework\system\CodeIgniter.php(824): App\Controllers\UserController->login()
#5 C:\xampp\htdocs\umpp_rps\vendor\codeigniter4\framework\system\CodeIgniter.php(410): CodeIgniter\CodeIgniter->runController(Object(App\Controllers\UserController))
#6 C:\xampp\htdocs\umpp_rps\vendor\codeigniter4\framework\system\CodeIgniter.php(318): CodeIgniter\CodeIgniter->handleRequest(NULL, Object(Config\Cache), false)
#7 C:\xampp\htdocs\umpp_rps\public\index.php(37): CodeIgniter\CodeIgniter->run()
#8 C:\xampp\htdocs\umpp_rps\vendor\codeigniter4\framework\system\Commands\Server\rewrite.php(43): require_once('C:\\xampp\\htdocs...')
#9 {main}
CRITICAL - 2021-11-20 02:49:50 --> Invalid file: sidebar.php
#0 C:\xampp\htdocs\umpp_rps\vendor\codeigniter4\framework\system\View\View.php(198): CodeIgniter\Exceptions\FrameworkException::forInvalidFile('sidebar.php')
#1 C:\xampp\htdocs\umpp_rps\vendor\codeigniter4\framework\system\View\View.php(432): CodeIgniter\View\View->render('sidebar', NULL, true)
#2 C:\xampp\htdocs\umpp_rps\app\Views\admin\v_dashboard.php(6): CodeIgniter\View\View->include('sidebar')
#3 C:\xampp\htdocs\umpp_rps\vendor\codeigniter4\framework\system\View\View.php(214): include('C:\\xampp\\htdocs...')
#4 C:\xampp\htdocs\umpp_rps\vendor\codeigniter4\framework\system\View\View.php(217): CodeIgniter\View\View->CodeIgniter\View\{closure}()
#5 C:\xampp\htdocs\umpp_rps\vendor\codeigniter4\framework\system\Common.php(1097): CodeIgniter\View\View->render('admin/v_dashboa...', Array, true)
#6 C:\xampp\htdocs\umpp_rps\app\Controllers\AdminController.php(19): view('admin/v_dashboa...')
#7 C:\xampp\htdocs\umpp_rps\vendor\codeigniter4\framework\system\CodeIgniter.php(824): App\Controllers\AdminController->index()
#8 C:\xampp\htdocs\umpp_rps\vendor\codeigniter4\framework\system\CodeIgniter.php(410): CodeIgniter\CodeIgniter->runController(Object(App\Controllers\AdminController))
#9 C:\xampp\htdocs\umpp_rps\vendor\codeigniter4\framework\system\CodeIgniter.php(318): CodeIgniter\CodeIgniter->handleRequest(NULL, Object(Config\Cache), false)
#10 C:\xampp\htdocs\umpp_rps\public\index.php(37): CodeIgniter\CodeIgniter->run()
#11 C:\xampp\htdocs\umpp_rps\vendor\codeigniter4\framework\system\Commands\Server\rewrite.php(43): require_once('C:\\xampp\\htdocs...')
#12 {main}
CRITICAL - 2021-11-20 02:55:16 --> Invalid file: template/BaseView.php
#0 C:\xampp\htdocs\umpp_rps\vendor\codeigniter4\framework\system\View\View.php(198): CodeIgniter\Exceptions\FrameworkException::forInvalidFile('template/BaseVi...')
#1 C:\xampp\htdocs\umpp_rps\vendor\codeigniter4\framework\system\View\View.php(230): CodeIgniter\View\View->render('template/BaseVi...', Array, true)
#2 C:\xampp\htdocs\umpp_rps\vendor\codeigniter4\framework\system\Common.php(1097): CodeIgniter\View\View->render('admin/v_dashboa...', Array, true)
#3 C:\xampp\htdocs\umpp_rps\app\Controllers\AdminController.php(19): view('admin/v_dashboa...')
#4 C:\xampp\htdocs\umpp_rps\vendor\codeigniter4\framework\system\CodeIgniter.php(824): App\Controllers\AdminController->index()
#5 C:\xampp\htdocs\umpp_rps\vendor\codeigniter4\framework\system\CodeIgniter.php(410): CodeIgniter\CodeIgniter->runController(Object(App\Controllers\AdminController))
#6 C:\xampp\htdocs\umpp_rps\vendor\codeigniter4\framework\system\CodeIgniter.php(318): CodeIgniter\CodeIgniter->handleRequest(NULL, Object(Config\Cache), false)
#7 C:\xampp\htdocs\umpp_rps\public\index.php(37): CodeIgniter\CodeIgniter->run()
#8 C:\xampp\htdocs\umpp_rps\vendor\codeigniter4\framework\system\Commands\Server\rewrite.php(43): require_once('C:\\xampp\\htdocs...')
#9 {main}
CRITICAL - 2021-11-20 02:55:29 --> Invalid file: template.php
#0 C:\xampp\htdocs\umpp_rps\vendor\codeigniter4\framework\system\View\View.php(198): CodeIgniter\Exceptions\FrameworkException::forInvalidFile('template.php')
#1 C:\xampp\htdocs\umpp_rps\vendor\codeigniter4\framework\system\View\View.php(230): CodeIgniter\View\View->render('template', Array, true)
#2 C:\xampp\htdocs\umpp_rps\vendor\codeigniter4\framework\system\Common.php(1097): CodeIgniter\View\View->render('admin/v_dashboa...', Array, true)
#3 C:\xampp\htdocs\umpp_rps\app\Controllers\AdminController.php(19): view('admin/v_dashboa...')
#4 C:\xampp\htdocs\umpp_rps\vendor\codeigniter4\framework\system\CodeIgniter.php(824): App\Controllers\AdminController->index()
#5 C:\xampp\htdocs\umpp_rps\vendor\codeigniter4\framework\system\CodeIgniter.php(410): CodeIgniter\CodeIgniter->runController(Object(App\Controllers\AdminController))
#6 C:\xampp\htdocs\umpp_rps\vendor\codeigniter4\framework\system\CodeIgniter.php(318): CodeIgniter\CodeIgniter->handleRequest(NULL, Object(Config\Cache), false)
#7 C:\xampp\htdocs\umpp_rps\public\index.php(37): CodeIgniter\CodeIgniter->run()
#8 C:\xampp\htdocs\umpp_rps\vendor\codeigniter4\framework\system\Commands\Server\rewrite.php(43): require_once('C:\\xampp\\htdocs...')
#9 {main}
CRITICAL - 2021-11-20 03:02:27 --> Invalid file: form/input1.php
#0 C:\xampp\htdocs\umpp_rps\vendor\codeigniter4\framework\system\View\View.php(198): CodeIgniter\Exceptions\FrameworkException::forInvalidFile('form/input1.php')
#1 C:\xampp\htdocs\umpp_rps\vendor\codeigniter4\framework\system\View\View.php(432): CodeIgniter\View\View->render('form/input1', NULL, true)
#2 C:\xampp\htdocs\umpp_rps\app\Views\admin\v_dashboard.php(22): CodeIgniter\View\View->include('form/input1')
#3 C:\xampp\htdocs\umpp_rps\vendor\codeigniter4\framework\system\View\View.php(214): include('C:\\xampp\\htdocs...')
#4 C:\xampp\htdocs\umpp_rps\vendor\codeigniter4\framework\system\View\View.php(217): CodeIgniter\View\View->CodeIgniter\View\{closure}()
#5 C:\xampp\htdocs\umpp_rps\vendor\codeigniter4\framework\system\Common.php(1097): CodeIgniter\View\View->render('admin/v_dashboa...', Array, true)
#6 C:\xampp\htdocs\umpp_rps\app\Controllers\AdminController.php(19): view('admin/v_dashboa...')
#7 C:\xampp\htdocs\umpp_rps\vendor\codeigniter4\framework\system\CodeIgniter.php(824): App\Controllers\AdminController->index()
#8 C:\xampp\htdocs\umpp_rps\vendor\codeigniter4\framework\system\CodeIgniter.php(410): CodeIgniter\CodeIgniter->runController(Object(App\Controllers\AdminController))
#9 C:\xampp\htdocs\umpp_rps\vendor\codeigniter4\framework\system\CodeIgniter.php(318): CodeIgniter\CodeIgniter->handleRequest(NULL, Object(Config\Cache), false)
#10 C:\xampp\htdocs\umpp_rps\public\index.php(37): CodeIgniter\CodeIgniter->run()
#11 C:\xampp\htdocs\umpp_rps\vendor\codeigniter4\framework\system\Commands\Server\rewrite.php(43): require_once('C:\\xampp\\htdocs...')
#12 {main}
ERROR - 2021-11-20 03:09:16 --> Column 'kode_makul' cannot be null
CRITICAL - 2021-11-20 03:09:16 --> Column 'kode_makul' cannot be null
#0 C:\xampp\htdocs\umpp_rps\vendor\codeigniter4\framework\system\Database\MySQLi\Connection.php(292): mysqli->query('INSERT INTO `in...', 0)
#1 C:\xampp\htdocs\umpp_rps\vendor\codeigniter4\framework\system\Database\BaseConnection.php(670): CodeIgniter\Database\MySQLi\Connection->execute('INSERT INTO `in...')
#2 C:\xampp\htdocs\umpp_rps\vendor\codeigniter4\framework\system\Database\BaseConnection.php(598): CodeIgniter\Database\BaseConnection->simpleQuery('INSERT INTO `in...')
#3 C:\xampp\htdocs\umpp_rps\vendor\codeigniter4\framework\system\Database\BaseBuilder.php(1759): CodeIgniter\Database\BaseConnection->query('INSERT INTO `in...', Array, false)
#4 C:\xampp\htdocs\umpp_rps\vendor\codeigniter4\framework\system\Model.php(239): CodeIgniter\Database\BaseBuilder->insert()
#5 C:\xampp\htdocs\umpp_rps\vendor\codeigniter4\framework\system\BaseModel.php(738): CodeIgniter\Model->doInsert(Array)
#6 C:\xampp\htdocs\umpp_rps\vendor\codeigniter4\framework\system\Model.php(620): CodeIgniter\BaseModel->insert(Array, true)
#7 C:\xampp\htdocs\umpp_rps\app\Controllers\Input1.php(47): CodeIgniter\Model->insert(Array)
#8 C:\xampp\htdocs\umpp_rps\vendor\codeigniter4\framework\system\CodeIgniter.php(824): App\Controllers\Input1->save()
#9 C:\xampp\htdocs\umpp_rps\vendor\codeigniter4\framework\system\CodeIgniter.php(410): CodeIgniter\CodeIgniter->runController(Object(App\Controllers\Input1))
#10 C:\xampp\htdocs\umpp_rps\vendor\codeigniter4\framework\system\CodeIgniter.php(318): CodeIgniter\CodeIgniter->handleRequest(NULL, Object(Config\Cache), false)
#11 C:\xampp\htdocs\umpp_rps\public\index.php(37): CodeIgniter\CodeIgniter->run()
#12 C:\xampp\htdocs\umpp_rps\vendor\codeigniter4\framework\system\Commands\Server\rewrite.php(43): require_once('C:\\xampp\\htdocs...')
#13 {main}
