CRITICAL - 2021-11-25 00:56:25 --> Unclosed '(' on line 24
#0 C:\xampp\htdocs\umpp_rps\vendor\codeigniter4\framework\system\Autoloader\Autoloader.php(241): CodeIgniter\Autoloader\Autoloader->includeFile('C:\\xampp\\htdocs...')
#1 C:\xampp\htdocs\umpp_rps\vendor\codeigniter4\framework\system\Autoloader\Autoloader.php(219): CodeIgniter\Autoloader\Autoloader->loadInNamespace('App\\Controllers...')
#2 [internal function]: CodeIgniter\Autoloader\Autoloader->loadClass('App\\Controllers...')
#3 C:\xampp\htdocs\umpp_rps\vendor\codeigniter4\framework\system\CodeIgniter.php(789): class_exists('\\App\\Controller...', true)
#4 C:\xampp\htdocs\umpp_rps\vendor\codeigniter4\framework\system\CodeIgniter.php(397): CodeIgniter\CodeIgniter->startController()
#5 C:\xampp\htdocs\umpp_rps\vendor\codeigniter4\framework\system\CodeIgniter.php(318): CodeIgniter\CodeIgniter->handleRequest(NULL, Object(Config\Cache), false)
#6 C:\xampp\htdocs\umpp_rps\public\index.php(37): CodeIgniter\CodeIgniter->run()
#7 C:\xampp\htdocs\umpp_rps\vendor\codeigniter4\framework\system\Commands\Server\rewrite.php(43): require_once('C:\\xampp\\htdocs...')
#8 {main}
CRITICAL - 2021-11-25 00:56:47 --> Undefined variable $input1
#0 C:\xampp\htdocs\umpp_rps\app\Views\data\data_input.php(26): CodeIgniter\Debug\Exceptions->errorHandler(2, 'Undefined varia...', 'C:\\xampp\\htdocs...', 26)
#1 C:\xampp\htdocs\umpp_rps\vendor\codeigniter4\framework\system\View\View.php(214): include('C:\\xampp\\htdocs...')
#2 C:\xampp\htdocs\umpp_rps\vendor\codeigniter4\framework\system\View\View.php(217): CodeIgniter\View\View->CodeIgniter\View\{closure}()
#3 C:\xampp\htdocs\umpp_rps\vendor\codeigniter4\framework\system\View\View.php(432): CodeIgniter\View\View->render('data/data_input', NULL, true)
#4 C:\xampp\htdocs\umpp_rps\app\Views\admin\v_data_rps.php(20): CodeIgniter\View\View->include('data/data_input')
#5 C:\xampp\htdocs\umpp_rps\vendor\codeigniter4\framework\system\View\View.php(214): include('C:\\xampp\\htdocs...')
#6 C:\xampp\htdocs\umpp_rps\vendor\codeigniter4\framework\system\View\View.php(217): CodeIgniter\View\View->CodeIgniter\View\{closure}()
#7 C:\xampp\htdocs\umpp_rps\vendor\codeigniter4\framework\system\Common.php(1097): CodeIgniter\View\View->render('admin/v_data_rp...', Array, true)
#8 C:\xampp\htdocs\umpp_rps\app\Controllers\AdminController.php(24): view('admin/v_data_rp...')
#9 C:\xampp\htdocs\umpp_rps\vendor\codeigniter4\framework\system\CodeIgniter.php(824): App\Controllers\AdminController->data()
#10 C:\xampp\htdocs\umpp_rps\vendor\codeigniter4\framework\system\CodeIgniter.php(410): CodeIgniter\CodeIgniter->runController(Object(App\Controllers\AdminController))
#11 C:\xampp\htdocs\umpp_rps\vendor\codeigniter4\framework\system\CodeIgniter.php(318): CodeIgniter\CodeIgniter->handleRequest(NULL, Object(Config\Cache), false)
#12 C:\xampp\htdocs\umpp_rps\public\index.php(37): CodeIgniter\CodeIgniter->run()
#13 C:\xampp\htdocs\umpp_rps\vendor\codeigniter4\framework\system\Commands\Server\rewrite.php(43): require_once('C:\\xampp\\htdocs...')
#14 {main}
CRITICAL - 2021-11-25 00:57:45 --> Undefined variable $input
#0 C:\xampp\htdocs\umpp_rps\app\Views\data\data_input.php(26): CodeIgniter\Debug\Exceptions->errorHandler(2, 'Undefined varia...', 'C:\\xampp\\htdocs...', 26)
#1 C:\xampp\htdocs\umpp_rps\vendor\codeigniter4\framework\system\View\View.php(214): include('C:\\xampp\\htdocs...')
#2 C:\xampp\htdocs\umpp_rps\vendor\codeigniter4\framework\system\View\View.php(217): CodeIgniter\View\View->CodeIgniter\View\{closure}()
#3 C:\xampp\htdocs\umpp_rps\vendor\codeigniter4\framework\system\View\View.php(432): CodeIgniter\View\View->render('data/data_input', NULL, true)
#4 C:\xampp\htdocs\umpp_rps\app\Views\admin\v_data_rps.php(20): CodeIgniter\View\View->include('data/data_input')
#5 C:\xampp\htdocs\umpp_rps\vendor\codeigniter4\framework\system\View\View.php(214): include('C:\\xampp\\htdocs...')
#6 C:\xampp\htdocs\umpp_rps\vendor\codeigniter4\framework\system\View\View.php(217): CodeIgniter\View\View->CodeIgniter\View\{closure}()
#7 C:\xampp\htdocs\umpp_rps\vendor\codeigniter4\framework\system\Common.php(1097): CodeIgniter\View\View->render('admin/v_data_rp...', Array, true)
#8 C:\xampp\htdocs\umpp_rps\app\Controllers\AdminController.php(24): view('admin/v_data_rp...')
#9 C:\xampp\htdocs\umpp_rps\vendor\codeigniter4\framework\system\CodeIgniter.php(824): App\Controllers\AdminController->data()
#10 C:\xampp\htdocs\umpp_rps\vendor\codeigniter4\framework\system\CodeIgniter.php(410): CodeIgniter\CodeIgniter->runController(Object(App\Controllers\AdminController))
#11 C:\xampp\htdocs\umpp_rps\vendor\codeigniter4\framework\system\CodeIgniter.php(318): CodeIgniter\CodeIgniter->handleRequest(NULL, Object(Config\Cache), false)
#12 C:\xampp\htdocs\umpp_rps\public\index.php(37): CodeIgniter\CodeIgniter->run()
#13 C:\xampp\htdocs\umpp_rps\vendor\codeigniter4\framework\system\Commands\Server\rewrite.php(43): require_once('C:\\xampp\\htdocs...')
#14 {main}
CRITICAL - 2021-11-25 01:05:01 --> Undefined variable $input
#0 C:\xampp\htdocs\umpp_rps\app\Views\data\data_input.php(26): CodeIgniter\Debug\Exceptions->errorHandler(2, 'Undefined varia...', 'C:\\xampp\\htdocs...', 26)
#1 C:\xampp\htdocs\umpp_rps\vendor\codeigniter4\framework\system\View\View.php(214): include('C:\\xampp\\htdocs...')
#2 C:\xampp\htdocs\umpp_rps\vendor\codeigniter4\framework\system\View\View.php(217): CodeIgniter\View\View->CodeIgniter\View\{closure}()
#3 C:\xampp\htdocs\umpp_rps\vendor\codeigniter4\framework\system\View\View.php(432): CodeIgniter\View\View->render('data/data_input', NULL, true)
#4 C:\xampp\htdocs\umpp_rps\app\Views\admin\v_data_rps.php(20): CodeIgniter\View\View->include('data/data_input')
#5 C:\xampp\htdocs\umpp_rps\vendor\codeigniter4\framework\system\View\View.php(214): include('C:\\xampp\\htdocs...')
#6 C:\xampp\htdocs\umpp_rps\vendor\codeigniter4\framework\system\View\View.php(217): CodeIgniter\View\View->CodeIgniter\View\{closure}()
#7 C:\xampp\htdocs\umpp_rps\vendor\codeigniter4\framework\system\Common.php(1097): CodeIgniter\View\View->render('admin/v_data_rp...', Array, true)
#8 C:\xampp\htdocs\umpp_rps\app\Controllers\AdminController.php(24): view('admin/v_data_rp...')
#9 C:\xampp\htdocs\umpp_rps\vendor\codeigniter4\framework\system\CodeIgniter.php(824): App\Controllers\AdminController->data()
#10 C:\xampp\htdocs\umpp_rps\vendor\codeigniter4\framework\system\CodeIgniter.php(410): CodeIgniter\CodeIgniter->runController(Object(App\Controllers\AdminController))
#11 C:\xampp\htdocs\umpp_rps\vendor\codeigniter4\framework\system\CodeIgniter.php(318): CodeIgniter\CodeIgniter->handleRequest(NULL, Object(Config\Cache), false)
#12 C:\xampp\htdocs\umpp_rps\public\index.php(37): CodeIgniter\CodeIgniter->run()
#13 C:\xampp\htdocs\umpp_rps\vendor\codeigniter4\framework\system\Commands\Server\rewrite.php(43): require_once('C:\\xampp\\htdocs...')
#14 {main}
CRITICAL - 2021-11-25 01:05:05 --> Undefined variable $input
#0 C:\xampp\htdocs\umpp_rps\app\Views\data\data_input.php(26): CodeIgniter\Debug\Exceptions->errorHandler(2, 'Undefined varia...', 'C:\\xampp\\htdocs...', 26)
#1 C:\xampp\htdocs\umpp_rps\vendor\codeigniter4\framework\system\View\View.php(214): include('C:\\xampp\\htdocs...')
#2 C:\xampp\htdocs\umpp_rps\vendor\codeigniter4\framework\system\View\View.php(217): CodeIgniter\View\View->CodeIgniter\View\{closure}()
#3 C:\xampp\htdocs\umpp_rps\vendor\codeigniter4\framework\system\View\View.php(432): CodeIgniter\View\View->render('data/data_input', NULL, true)
#4 C:\xampp\htdocs\umpp_rps\app\Views\admin\v_data_rps.php(20): CodeIgniter\View\View->include('data/data_input')
#5 C:\xampp\htdocs\umpp_rps\vendor\codeigniter4\framework\system\View\View.php(214): include('C:\\xampp\\htdocs...')
#6 C:\xampp\htdocs\umpp_rps\vendor\codeigniter4\framework\system\View\View.php(217): CodeIgniter\View\View->CodeIgniter\View\{closure}()
#7 C:\xampp\htdocs\umpp_rps\vendor\codeigniter4\framework\system\Common.php(1097): CodeIgniter\View\View->render('admin/v_data_rp...', Array, true)
#8 C:\xampp\htdocs\umpp_rps\app\Controllers\AdminController.php(24): view('admin/v_data_rp...')
#9 C:\xampp\htdocs\umpp_rps\vendor\codeigniter4\framework\system\CodeIgniter.php(824): App\Controllers\AdminController->data()
#10 C:\xampp\htdocs\umpp_rps\vendor\codeigniter4\framework\system\CodeIgniter.php(410): CodeIgniter\CodeIgniter->runController(Object(App\Controllers\AdminController))
#11 C:\xampp\htdocs\umpp_rps\vendor\codeigniter4\framework\system\CodeIgniter.php(318): CodeIgniter\CodeIgniter->handleRequest(NULL, Object(Config\Cache), false)
#12 C:\xampp\htdocs\umpp_rps\public\index.php(37): CodeIgniter\CodeIgniter->run()
#13 C:\xampp\htdocs\umpp_rps\vendor\codeigniter4\framework\system\Commands\Server\rewrite.php(43): require_once('C:\\xampp\\htdocs...')
#14 {main}
CRITICAL - 2021-11-25 01:06:12 --> Undefined variable $input
#0 C:\xampp\htdocs\umpp_rps\app\Views\data\data_input.php(26): CodeIgniter\Debug\Exceptions->errorHandler(2, 'Undefined varia...', 'C:\\xampp\\htdocs...', 26)
#1 C:\xampp\htdocs\umpp_rps\vendor\codeigniter4\framework\system\View\View.php(214): include('C:\\xampp\\htdocs...')
#2 C:\xampp\htdocs\umpp_rps\vendor\codeigniter4\framework\system\View\View.php(217): CodeIgniter\View\View->CodeIgniter\View\{closure}()
#3 C:\xampp\htdocs\umpp_rps\vendor\codeigniter4\framework\system\View\View.php(432): CodeIgniter\View\View->render('data/data_input', NULL, true)
#4 C:\xampp\htdocs\umpp_rps\app\Views\admin\v_data_rps.php(20): CodeIgniter\View\View->include('data/data_input')
#5 C:\xampp\htdocs\umpp_rps\vendor\codeigniter4\framework\system\View\View.php(214): include('C:\\xampp\\htdocs...')
#6 C:\xampp\htdocs\umpp_rps\vendor\codeigniter4\framework\system\View\View.php(217): CodeIgniter\View\View->CodeIgniter\View\{closure}()
#7 C:\xampp\htdocs\umpp_rps\vendor\codeigniter4\framework\system\Common.php(1097): CodeIgniter\View\View->render('admin/v_data_rp...', Array, true)
#8 C:\xampp\htdocs\umpp_rps\app\Controllers\AdminController.php(29): view('admin/v_data_rp...')
#9 C:\xampp\htdocs\umpp_rps\vendor\codeigniter4\framework\system\CodeIgniter.php(824): App\Controllers\AdminController->data()
#10 C:\xampp\htdocs\umpp_rps\vendor\codeigniter4\framework\system\CodeIgniter.php(410): CodeIgniter\CodeIgniter->runController(Object(App\Controllers\AdminController))
#11 C:\xampp\htdocs\umpp_rps\vendor\codeigniter4\framework\system\CodeIgniter.php(318): CodeIgniter\CodeIgniter->handleRequest(NULL, Object(Config\Cache), false)
#12 C:\xampp\htdocs\umpp_rps\public\index.php(37): CodeIgniter\CodeIgniter->run()
#13 C:\xampp\htdocs\umpp_rps\vendor\codeigniter4\framework\system\Commands\Server\rewrite.php(43): require_once('C:\\xampp\\htdocs...')
#14 {main}
CRITICAL - 2021-11-25 01:07:27 --> Class "App\Controllers\ProkerModel" not found
#0 C:\xampp\htdocs\umpp_rps\vendor\codeigniter4\framework\system\CodeIgniter.php(801): App\Controllers\AdminController->__construct()
#1 C:\xampp\htdocs\umpp_rps\vendor\codeigniter4\framework\system\CodeIgniter.php(401): CodeIgniter\CodeIgniter->createController()
#2 C:\xampp\htdocs\umpp_rps\vendor\codeigniter4\framework\system\CodeIgniter.php(318): CodeIgniter\CodeIgniter->handleRequest(NULL, Object(Config\Cache), false)
#3 C:\xampp\htdocs\umpp_rps\public\index.php(37): CodeIgniter\CodeIgniter->run()
#4 C:\xampp\htdocs\umpp_rps\vendor\codeigniter4\framework\system\Commands\Server\rewrite.php(43): require_once('C:\\xampp\\htdocs...')
#5 {main}
CRITICAL - 2021-11-25 01:07:52 --> Class "App\Controllers\ProkerModel" not found
#0 C:\xampp\htdocs\umpp_rps\vendor\codeigniter4\framework\system\CodeIgniter.php(801): App\Controllers\AdminController->__construct()
#1 C:\xampp\htdocs\umpp_rps\vendor\codeigniter4\framework\system\CodeIgniter.php(401): CodeIgniter\CodeIgniter->createController()
#2 C:\xampp\htdocs\umpp_rps\vendor\codeigniter4\framework\system\CodeIgniter.php(318): CodeIgniter\CodeIgniter->handleRequest(NULL, Object(Config\Cache), false)
#3 C:\xampp\htdocs\umpp_rps\public\index.php(37): CodeIgniter\CodeIgniter->run()
#4 C:\xampp\htdocs\umpp_rps\vendor\codeigniter4\framework\system\Commands\Server\rewrite.php(43): require_once('C:\\xampp\\htdocs...')
#5 {main}
CRITICAL - 2021-11-25 01:07:58 --> Class "App\Controllers\ProkerModel" not found
#0 C:\xampp\htdocs\umpp_rps\vendor\codeigniter4\framework\system\CodeIgniter.php(801): App\Controllers\AdminController->__construct()
#1 C:\xampp\htdocs\umpp_rps\vendor\codeigniter4\framework\system\CodeIgniter.php(401): CodeIgniter\CodeIgniter->createController()
#2 C:\xampp\htdocs\umpp_rps\vendor\codeigniter4\framework\system\CodeIgniter.php(318): CodeIgniter\CodeIgniter->handleRequest(NULL, Object(Config\Cache), false)
#3 C:\xampp\htdocs\umpp_rps\public\index.php(37): CodeIgniter\CodeIgniter->run()
#4 C:\xampp\htdocs\umpp_rps\vendor\codeigniter4\framework\system\Commands\Server\rewrite.php(43): require_once('C:\\xampp\\htdocs...')
#5 {main}
CRITICAL - 2021-11-25 01:08:17 --> Undefined variable $input
#0 C:\xampp\htdocs\umpp_rps\app\Views\data\data_input.php(26): CodeIgniter\Debug\Exceptions->errorHandler(2, 'Undefined varia...', 'C:\\xampp\\htdocs...', 26)
#1 C:\xampp\htdocs\umpp_rps\vendor\codeigniter4\framework\system\View\View.php(214): include('C:\\xampp\\htdocs...')
#2 C:\xampp\htdocs\umpp_rps\vendor\codeigniter4\framework\system\View\View.php(217): CodeIgniter\View\View->CodeIgniter\View\{closure}()
#3 C:\xampp\htdocs\umpp_rps\vendor\codeigniter4\framework\system\View\View.php(432): CodeIgniter\View\View->render('data/data_input', NULL, true)
#4 C:\xampp\htdocs\umpp_rps\app\Views\admin\v_data_rps.php(20): CodeIgniter\View\View->include('data/data_input')
#5 C:\xampp\htdocs\umpp_rps\vendor\codeigniter4\framework\system\View\View.php(214): include('C:\\xampp\\htdocs...')
#6 C:\xampp\htdocs\umpp_rps\vendor\codeigniter4\framework\system\View\View.php(217): CodeIgniter\View\View->CodeIgniter\View\{closure}()
#7 C:\xampp\htdocs\umpp_rps\vendor\codeigniter4\framework\system\Common.php(1097): CodeIgniter\View\View->render('admin/v_data_rp...', Array, true)
#8 C:\xampp\htdocs\umpp_rps\app\Controllers\AdminController.php(32): view('admin/v_data_rp...')
#9 C:\xampp\htdocs\umpp_rps\vendor\codeigniter4\framework\system\CodeIgniter.php(824): App\Controllers\AdminController->data()
#10 C:\xampp\htdocs\umpp_rps\vendor\codeigniter4\framework\system\CodeIgniter.php(410): CodeIgniter\CodeIgniter->runController(Object(App\Controllers\AdminController))
#11 C:\xampp\htdocs\umpp_rps\vendor\codeigniter4\framework\system\CodeIgniter.php(318): CodeIgniter\CodeIgniter->handleRequest(NULL, Object(Config\Cache), false)
#12 C:\xampp\htdocs\umpp_rps\public\index.php(37): CodeIgniter\CodeIgniter->run()
#13 C:\xampp\htdocs\umpp_rps\vendor\codeigniter4\framework\system\Commands\Server\rewrite.php(43): require_once('C:\\xampp\\htdocs...')
#14 {main}
CRITICAL - 2021-11-25 01:11:43 --> Class "App\Controllers\ProkerModel" not found
#0 C:\xampp\htdocs\umpp_rps\vendor\codeigniter4\framework\system\CodeIgniter.php(801): App\Controllers\Input1->__construct()
#1 C:\xampp\htdocs\umpp_rps\vendor\codeigniter4\framework\system\CodeIgniter.php(401): CodeIgniter\CodeIgniter->createController()
#2 C:\xampp\htdocs\umpp_rps\vendor\codeigniter4\framework\system\CodeIgniter.php(318): CodeIgniter\CodeIgniter->handleRequest(NULL, Object(Config\Cache), false)
#3 C:\xampp\htdocs\umpp_rps\public\index.php(37): CodeIgniter\CodeIgniter->run()
#4 C:\xampp\htdocs\umpp_rps\vendor\codeigniter4\framework\system\Commands\Server\rewrite.php(43): require_once('C:\\xampp\\htdocs...')
#5 {main}
CRITICAL - 2021-11-25 01:12:45 --> Undefined variable $input
#0 C:\xampp\htdocs\umpp_rps\app\Views\data\data_input.php(26): CodeIgniter\Debug\Exceptions->errorHandler(2, 'Undefined varia...', 'C:\\xampp\\htdocs...', 26)
#1 C:\xampp\htdocs\umpp_rps\vendor\codeigniter4\framework\system\View\View.php(214): include('C:\\xampp\\htdocs...')
#2 C:\xampp\htdocs\umpp_rps\vendor\codeigniter4\framework\system\View\View.php(217): CodeIgniter\View\View->CodeIgniter\View\{closure}()
#3 C:\xampp\htdocs\umpp_rps\vendor\codeigniter4\framework\system\View\View.php(432): CodeIgniter\View\View->render('data/data_input', NULL, true)
#4 C:\xampp\htdocs\umpp_rps\app\Views\admin\v_data_rps.php(20): CodeIgniter\View\View->include('data/data_input')
#5 C:\xampp\htdocs\umpp_rps\vendor\codeigniter4\framework\system\View\View.php(214): include('C:\\xampp\\htdocs...')
#6 C:\xampp\htdocs\umpp_rps\vendor\codeigniter4\framework\system\View\View.php(217): CodeIgniter\View\View->CodeIgniter\View\{closure}()
#7 C:\xampp\htdocs\umpp_rps\vendor\codeigniter4\framework\system\Common.php(1097): CodeIgniter\View\View->render('admin/v_data_rp...', Array, true)
#8 C:\xampp\htdocs\umpp_rps\app\Controllers\Input1.php(30): view('admin/v_data_rp...')
#9 C:\xampp\htdocs\umpp_rps\vendor\codeigniter4\framework\system\CodeIgniter.php(824): App\Controllers\Input1->data()
#10 C:\xampp\htdocs\umpp_rps\vendor\codeigniter4\framework\system\CodeIgniter.php(410): CodeIgniter\CodeIgniter->runController(Object(App\Controllers\Input1))
#11 C:\xampp\htdocs\umpp_rps\vendor\codeigniter4\framework\system\CodeIgniter.php(318): CodeIgniter\CodeIgniter->handleRequest(NULL, Object(Config\Cache), false)
#12 C:\xampp\htdocs\umpp_rps\public\index.php(37): CodeIgniter\CodeIgniter->run()
#13 C:\xampp\htdocs\umpp_rps\vendor\codeigniter4\framework\system\Commands\Server\rewrite.php(43): require_once('C:\\xampp\\htdocs...')
#14 {main}
CRITICAL - 2021-11-25 02:12:37 --> Undefined variable $input
#0 C:\xampp\htdocs\umpp_rps\app\Views\data\data_input.php(26): CodeIgniter\Debug\Exceptions->errorHandler(2, 'Undefined varia...', 'C:\\xampp\\htdocs...', 26)
#1 C:\xampp\htdocs\umpp_rps\vendor\codeigniter4\framework\system\View\View.php(214): include('C:\\xampp\\htdocs...')
#2 C:\xampp\htdocs\umpp_rps\vendor\codeigniter4\framework\system\View\View.php(217): CodeIgniter\View\View->CodeIgniter\View\{closure}()
#3 C:\xampp\htdocs\umpp_rps\vendor\codeigniter4\framework\system\View\View.php(432): CodeIgniter\View\View->render('data/data_input', NULL, true)
#4 C:\xampp\htdocs\umpp_rps\app\Views\admin\v_data_rps.php(20): CodeIgniter\View\View->include('data/data_input')
#5 C:\xampp\htdocs\umpp_rps\vendor\codeigniter4\framework\system\View\View.php(214): include('C:\\xampp\\htdocs...')
#6 C:\xampp\htdocs\umpp_rps\vendor\codeigniter4\framework\system\View\View.php(217): CodeIgniter\View\View->CodeIgniter\View\{closure}()
#7 C:\xampp\htdocs\umpp_rps\vendor\codeigniter4\framework\system\Common.php(1097): CodeIgniter\View\View->render('admin/v_data_rp...', Array, true)
#8 C:\xampp\htdocs\umpp_rps\app\Controllers\AdminController.php(32): view('admin/v_data_rp...')
#9 C:\xampp\htdocs\umpp_rps\vendor\codeigniter4\framework\system\CodeIgniter.php(824): App\Controllers\AdminController->data()
#10 C:\xampp\htdocs\umpp_rps\vendor\codeigniter4\framework\system\CodeIgniter.php(410): CodeIgniter\CodeIgniter->runController(Object(App\Controllers\AdminController))
#11 C:\xampp\htdocs\umpp_rps\vendor\codeigniter4\framework\system\CodeIgniter.php(318): CodeIgniter\CodeIgniter->handleRequest(NULL, Object(Config\Cache), false)
#12 C:\xampp\htdocs\umpp_rps\public\index.php(37): CodeIgniter\CodeIgniter->run()
#13 C:\xampp\htdocs\umpp_rps\vendor\codeigniter4\framework\system\Commands\Server\rewrite.php(43): require_once('C:\\xampp\\htdocs...')
#14 {main}
CRITICAL - 2021-11-25 02:15:12 --> Undefined variable $input
#0 C:\xampp\htdocs\umpp_rps\app\Views\data\data_input.php(26): CodeIgniter\Debug\Exceptions->errorHandler(2, 'Undefined varia...', 'C:\\xampp\\htdocs...', 26)
#1 C:\xampp\htdocs\umpp_rps\vendor\codeigniter4\framework\system\View\View.php(214): include('C:\\xampp\\htdocs...')
#2 C:\xampp\htdocs\umpp_rps\vendor\codeigniter4\framework\system\View\View.php(217): CodeIgniter\View\View->CodeIgniter\View\{closure}()
#3 C:\xampp\htdocs\umpp_rps\vendor\codeigniter4\framework\system\View\View.php(432): CodeIgniter\View\View->render('data/data_input', NULL, true)
#4 C:\xampp\htdocs\umpp_rps\app\Views\admin\v_data_rps.php(20): CodeIgniter\View\View->include('data/data_input')
#5 C:\xampp\htdocs\umpp_rps\vendor\codeigniter4\framework\system\View\View.php(214): include('C:\\xampp\\htdocs...')
#6 C:\xampp\htdocs\umpp_rps\vendor\codeigniter4\framework\system\View\View.php(217): CodeIgniter\View\View->CodeIgniter\View\{closure}()
#7 C:\xampp\htdocs\umpp_rps\vendor\codeigniter4\framework\system\Common.php(1097): CodeIgniter\View\View->render('admin/v_data_rp...', Array, true)
#8 C:\xampp\htdocs\umpp_rps\app\Controllers\AdminController.php(32): view('admin/v_data_rp...')
#9 C:\xampp\htdocs\umpp_rps\vendor\codeigniter4\framework\system\CodeIgniter.php(824): App\Controllers\AdminController->data()
#10 C:\xampp\htdocs\umpp_rps\vendor\codeigniter4\framework\system\CodeIgniter.php(410): CodeIgniter\CodeIgniter->runController(Object(App\Controllers\AdminController))
#11 C:\xampp\htdocs\umpp_rps\vendor\codeigniter4\framework\system\CodeIgniter.php(318): CodeIgniter\CodeIgniter->handleRequest(NULL, Object(Config\Cache), false)
#12 C:\xampp\htdocs\umpp_rps\public\index.php(37): CodeIgniter\CodeIgniter->run()
#13 C:\xampp\htdocs\umpp_rps\vendor\codeigniter4\framework\system\Commands\Server\rewrite.php(43): require_once('C:\\xampp\\htdocs...')
#14 {main}
CRITICAL - 2021-11-25 02:34:09 --> syntax error, unexpected token "endforeach", expecting end of file
#0 C:\xampp\htdocs\umpp_rps\vendor\codeigniter4\framework\system\View\View.php(217): CodeIgniter\View\View->CodeIgniter\View\{closure}()
#1 C:\xampp\htdocs\umpp_rps\vendor\codeigniter4\framework\system\View\View.php(432): CodeIgniter\View\View->render('data/data_input', NULL, true)
#2 C:\xampp\htdocs\umpp_rps\app\Views\admin\v_data_rps.php(20): CodeIgniter\View\View->include('data/data_input')
#3 C:\xampp\htdocs\umpp_rps\vendor\codeigniter4\framework\system\View\View.php(214): include('C:\\xampp\\htdocs...')
#4 C:\xampp\htdocs\umpp_rps\vendor\codeigniter4\framework\system\View\View.php(217): CodeIgniter\View\View->CodeIgniter\View\{closure}()
#5 C:\xampp\htdocs\umpp_rps\vendor\codeigniter4\framework\system\Common.php(1097): CodeIgniter\View\View->render('admin/v_data_rp...', Array, true)
#6 C:\xampp\htdocs\umpp_rps\app\Controllers\AdminController.php(32): view('admin/v_data_rp...')
#7 C:\xampp\htdocs\umpp_rps\vendor\codeigniter4\framework\system\CodeIgniter.php(824): App\Controllers\AdminController->data()
#8 C:\xampp\htdocs\umpp_rps\vendor\codeigniter4\framework\system\CodeIgniter.php(410): CodeIgniter\CodeIgniter->runController(Object(App\Controllers\AdminController))
#9 C:\xampp\htdocs\umpp_rps\vendor\codeigniter4\framework\system\CodeIgniter.php(318): CodeIgniter\CodeIgniter->handleRequest(NULL, Object(Config\Cache), false)
#10 C:\xampp\htdocs\umpp_rps\public\index.php(37): CodeIgniter\CodeIgniter->run()
#11 C:\xampp\htdocs\umpp_rps\vendor\codeigniter4\framework\system\Commands\Server\rewrite.php(43): require_once('C:\\xampp\\htdocs...')
#12 {main}
CRITICAL - 2021-11-25 02:34:18 --> syntax error, unexpected token "endforeach", expecting end of file
#0 C:\xampp\htdocs\umpp_rps\vendor\codeigniter4\framework\system\View\View.php(217): CodeIgniter\View\View->CodeIgniter\View\{closure}()
#1 C:\xampp\htdocs\umpp_rps\vendor\codeigniter4\framework\system\View\View.php(432): CodeIgniter\View\View->render('data/data_input', NULL, true)
#2 C:\xampp\htdocs\umpp_rps\app\Views\admin\v_data_rps.php(20): CodeIgniter\View\View->include('data/data_input')
#3 C:\xampp\htdocs\umpp_rps\vendor\codeigniter4\framework\system\View\View.php(214): include('C:\\xampp\\htdocs...')
#4 C:\xampp\htdocs\umpp_rps\vendor\codeigniter4\framework\system\View\View.php(217): CodeIgniter\View\View->CodeIgniter\View\{closure}()
#5 C:\xampp\htdocs\umpp_rps\vendor\codeigniter4\framework\system\Common.php(1097): CodeIgniter\View\View->render('admin/v_data_rp...', Array, true)
#6 C:\xampp\htdocs\umpp_rps\app\Controllers\AdminController.php(32): view('admin/v_data_rp...')
#7 C:\xampp\htdocs\umpp_rps\vendor\codeigniter4\framework\system\CodeIgniter.php(824): App\Controllers\AdminController->data()
#8 C:\xampp\htdocs\umpp_rps\vendor\codeigniter4\framework\system\CodeIgniter.php(410): CodeIgniter\CodeIgniter->runController(Object(App\Controllers\AdminController))
#9 C:\xampp\htdocs\umpp_rps\vendor\codeigniter4\framework\system\CodeIgniter.php(318): CodeIgniter\CodeIgniter->handleRequest(NULL, Object(Config\Cache), false)
#10 C:\xampp\htdocs\umpp_rps\public\index.php(37): CodeIgniter\CodeIgniter->run()
#11 C:\xampp\htdocs\umpp_rps\vendor\codeigniter4\framework\system\Commands\Server\rewrite.php(43): require_once('C:\\xampp\\htdocs...')
#12 {main}
CRITICAL - 2021-11-25 03:02:09 --> Undefined array key "nama_prodi"
#0 C:\xampp\htdocs\umpp_rps\app\Controllers\UserController.php(66): CodeIgniter\Debug\Exceptions->errorHandler(2, 'Undefined array...', 'C:\\xampp\\htdocs...', 66)
#1 C:\xampp\htdocs\umpp_rps\app\Controllers\UserController.php(41): App\Controllers\UserController->setUserSession(Array)
#2 C:\xampp\htdocs\umpp_rps\vendor\codeigniter4\framework\system\CodeIgniter.php(824): App\Controllers\UserController->login()
#3 C:\xampp\htdocs\umpp_rps\vendor\codeigniter4\framework\system\CodeIgniter.php(410): CodeIgniter\CodeIgniter->runController(Object(App\Controllers\UserController))
#4 C:\xampp\htdocs\umpp_rps\vendor\codeigniter4\framework\system\CodeIgniter.php(318): CodeIgniter\CodeIgniter->handleRequest(NULL, Object(Config\Cache), false)
#5 C:\xampp\htdocs\umpp_rps\public\index.php(37): CodeIgniter\CodeIgniter->run()
#6 C:\xampp\htdocs\umpp_rps\vendor\codeigniter4\framework\system\Commands\Server\rewrite.php(43): require_once('C:\\xampp\\htdocs...')
#7 {main}
CRITICAL - 2021-11-25 03:18:48 --> Undefined property: CodeIgniter\View\View::$session
#0 C:\xampp\htdocs\umpp_rps\app\Views\admin\sidebar.php(39): CodeIgniter\Debug\Exceptions->errorHandler(2, 'Undefined prope...', 'C:\\xampp\\htdocs...', 39)
#1 C:\xampp\htdocs\umpp_rps\vendor\codeigniter4\framework\system\View\View.php(214): include('C:\\xampp\\htdocs...')
#2 C:\xampp\htdocs\umpp_rps\vendor\codeigniter4\framework\system\View\View.php(217): CodeIgniter\View\View->CodeIgniter\View\{closure}()
#3 C:\xampp\htdocs\umpp_rps\vendor\codeigniter4\framework\system\View\View.php(432): CodeIgniter\View\View->render('admin/sidebar', NULL, true)
#4 C:\xampp\htdocs\umpp_rps\app\Views\admin\v_dashboard.php(7): CodeIgniter\View\View->include('admin/sidebar')
#5 C:\xampp\htdocs\umpp_rps\vendor\codeigniter4\framework\system\View\View.php(214): include('C:\\xampp\\htdocs...')
#6 C:\xampp\htdocs\umpp_rps\vendor\codeigniter4\framework\system\View\View.php(217): CodeIgniter\View\View->CodeIgniter\View\{closure}()
#7 C:\xampp\htdocs\umpp_rps\vendor\codeigniter4\framework\system\Common.php(1097): CodeIgniter\View\View->render('admin/v_dashboa...', Array, true)
#8 C:\xampp\htdocs\umpp_rps\app\Controllers\AdminController.php(22): view('admin/v_dashboa...')
#9 C:\xampp\htdocs\umpp_rps\vendor\codeigniter4\framework\system\CodeIgniter.php(824): App\Controllers\AdminController->index()
#10 C:\xampp\htdocs\umpp_rps\vendor\codeigniter4\framework\system\CodeIgniter.php(410): CodeIgniter\CodeIgniter->runController(Object(App\Controllers\AdminController))
#11 C:\xampp\htdocs\umpp_rps\vendor\codeigniter4\framework\system\CodeIgniter.php(318): CodeIgniter\CodeIgniter->handleRequest(NULL, Object(Config\Cache), false)
#12 C:\xampp\htdocs\umpp_rps\public\index.php(37): CodeIgniter\CodeIgniter->run()
#13 C:\xampp\htdocs\umpp_rps\vendor\codeigniter4\framework\system\Commands\Server\rewrite.php(43): require_once('C:\\xampp\\htdocs...')
#14 {main}
CRITICAL - 2021-11-25 03:19:24 --> Undefined property: CodeIgniter\View\View::$session
#0 C:\xampp\htdocs\umpp_rps\app\Views\admin\sidebar.php(39): CodeIgniter\Debug\Exceptions->errorHandler(2, 'Undefined prope...', 'C:\\xampp\\htdocs...', 39)
#1 C:\xampp\htdocs\umpp_rps\vendor\codeigniter4\framework\system\View\View.php(214): include('C:\\xampp\\htdocs...')
#2 C:\xampp\htdocs\umpp_rps\vendor\codeigniter4\framework\system\View\View.php(217): CodeIgniter\View\View->CodeIgniter\View\{closure}()
#3 C:\xampp\htdocs\umpp_rps\vendor\codeigniter4\framework\system\View\View.php(432): CodeIgniter\View\View->render('admin/sidebar', NULL, true)
#4 C:\xampp\htdocs\umpp_rps\app\Views\admin\v_dashboard.php(7): CodeIgniter\View\View->include('admin/sidebar')
#5 C:\xampp\htdocs\umpp_rps\vendor\codeigniter4\framework\system\View\View.php(214): include('C:\\xampp\\htdocs...')
#6 C:\xampp\htdocs\umpp_rps\vendor\codeigniter4\framework\system\View\View.php(217): CodeIgniter\View\View->CodeIgniter\View\{closure}()
#7 C:\xampp\htdocs\umpp_rps\vendor\codeigniter4\framework\system\Common.php(1097): CodeIgniter\View\View->render('admin/v_dashboa...', Array, true)
#8 C:\xampp\htdocs\umpp_rps\app\Controllers\AdminController.php(22): view('admin/v_dashboa...')
#9 C:\xampp\htdocs\umpp_rps\vendor\codeigniter4\framework\system\CodeIgniter.php(824): App\Controllers\AdminController->index()
#10 C:\xampp\htdocs\umpp_rps\vendor\codeigniter4\framework\system\CodeIgniter.php(410): CodeIgniter\CodeIgniter->runController(Object(App\Controllers\AdminController))
#11 C:\xampp\htdocs\umpp_rps\vendor\codeigniter4\framework\system\CodeIgniter.php(318): CodeIgniter\CodeIgniter->handleRequest(NULL, Object(Config\Cache), false)
#12 C:\xampp\htdocs\umpp_rps\public\index.php(37): CodeIgniter\CodeIgniter->run()
#13 C:\xampp\htdocs\umpp_rps\vendor\codeigniter4\framework\system\Commands\Server\rewrite.php(43): require_once('C:\\xampp\\htdocs...')
#14 {main}
CRITICAL - 2021-11-25 03:20:34 --> Undefined property: CodeIgniter\View\View::$session
#0 C:\xampp\htdocs\umpp_rps\app\Views\admin\sidebar.php(39): CodeIgniter\Debug\Exceptions->errorHandler(2, 'Undefined prope...', 'C:\\xampp\\htdocs...', 39)
#1 C:\xampp\htdocs\umpp_rps\vendor\codeigniter4\framework\system\View\View.php(214): include('C:\\xampp\\htdocs...')
#2 C:\xampp\htdocs\umpp_rps\vendor\codeigniter4\framework\system\View\View.php(217): CodeIgniter\View\View->CodeIgniter\View\{closure}()
#3 C:\xampp\htdocs\umpp_rps\vendor\codeigniter4\framework\system\View\View.php(432): CodeIgniter\View\View->render('admin/sidebar', NULL, true)
#4 C:\xampp\htdocs\umpp_rps\app\Views\admin\v_dashboard.php(7): CodeIgniter\View\View->include('admin/sidebar')
#5 C:\xampp\htdocs\umpp_rps\vendor\codeigniter4\framework\system\View\View.php(214): include('C:\\xampp\\htdocs...')
#6 C:\xampp\htdocs\umpp_rps\vendor\codeigniter4\framework\system\View\View.php(217): CodeIgniter\View\View->CodeIgniter\View\{closure}()
#7 C:\xampp\htdocs\umpp_rps\vendor\codeigniter4\framework\system\Common.php(1097): CodeIgniter\View\View->render('admin/v_dashboa...', Array, true)
#8 C:\xampp\htdocs\umpp_rps\app\Controllers\AdminController.php(22): view('admin/v_dashboa...')
#9 C:\xampp\htdocs\umpp_rps\vendor\codeigniter4\framework\system\CodeIgniter.php(824): App\Controllers\AdminController->index()
#10 C:\xampp\htdocs\umpp_rps\vendor\codeigniter4\framework\system\CodeIgniter.php(410): CodeIgniter\CodeIgniter->runController(Object(App\Controllers\AdminController))
#11 C:\xampp\htdocs\umpp_rps\vendor\codeigniter4\framework\system\CodeIgniter.php(318): CodeIgniter\CodeIgniter->handleRequest(NULL, Object(Config\Cache), false)
#12 C:\xampp\htdocs\umpp_rps\public\index.php(37): CodeIgniter\CodeIgniter->run()
#13 C:\xampp\htdocs\umpp_rps\vendor\codeigniter4\framework\system\Commands\Server\rewrite.php(43): require_once('C:\\xampp\\htdocs...')
#14 {main}
CRITICAL - 2021-11-25 03:23:42 --> Undefined property: CodeIgniter\View\View::$session
#0 C:\xampp\htdocs\umpp_rps\app\Views\admin\sidebar.php(39): CodeIgniter\Debug\Exceptions->errorHandler(2, 'Undefined prope...', 'C:\\xampp\\htdocs...', 39)
#1 C:\xampp\htdocs\umpp_rps\vendor\codeigniter4\framework\system\View\View.php(214): include('C:\\xampp\\htdocs...')
#2 C:\xampp\htdocs\umpp_rps\vendor\codeigniter4\framework\system\View\View.php(217): CodeIgniter\View\View->CodeIgniter\View\{closure}()
#3 C:\xampp\htdocs\umpp_rps\vendor\codeigniter4\framework\system\View\View.php(432): CodeIgniter\View\View->render('admin/sidebar', NULL, true)
#4 C:\xampp\htdocs\umpp_rps\app\Views\admin\v_dashboard.php(7): CodeIgniter\View\View->include('admin/sidebar')
#5 C:\xampp\htdocs\umpp_rps\vendor\codeigniter4\framework\system\View\View.php(214): include('C:\\xampp\\htdocs...')
#6 C:\xampp\htdocs\umpp_rps\vendor\codeigniter4\framework\system\View\View.php(217): CodeIgniter\View\View->CodeIgniter\View\{closure}()
#7 C:\xampp\htdocs\umpp_rps\vendor\codeigniter4\framework\system\Common.php(1097): CodeIgniter\View\View->render('admin/v_dashboa...', Array, true)
#8 C:\xampp\htdocs\umpp_rps\app\Controllers\AdminController.php(22): view('admin/v_dashboa...')
#9 C:\xampp\htdocs\umpp_rps\vendor\codeigniter4\framework\system\CodeIgniter.php(824): App\Controllers\AdminController->index()
#10 C:\xampp\htdocs\umpp_rps\vendor\codeigniter4\framework\system\CodeIgniter.php(410): CodeIgniter\CodeIgniter->runController(Object(App\Controllers\AdminController))
#11 C:\xampp\htdocs\umpp_rps\vendor\codeigniter4\framework\system\CodeIgniter.php(318): CodeIgniter\CodeIgniter->handleRequest(NULL, Object(Config\Cache), false)
#12 C:\xampp\htdocs\umpp_rps\public\index.php(37): CodeIgniter\CodeIgniter->run()
#13 C:\xampp\htdocs\umpp_rps\vendor\codeigniter4\framework\system\Commands\Server\rewrite.php(43): require_once('C:\\xampp\\htdocs...')
#14 {main}
CRITICAL - 2021-11-25 03:24:02 --> Undefined property: CodeIgniter\View\View::$session
#0 C:\xampp\htdocs\umpp_rps\app\Views\admin\sidebar.php(38): CodeIgniter\Debug\Exceptions->errorHandler(2, 'Undefined prope...', 'C:\\xampp\\htdocs...', 38)
#1 C:\xampp\htdocs\umpp_rps\vendor\codeigniter4\framework\system\View\View.php(214): include('C:\\xampp\\htdocs...')
#2 C:\xampp\htdocs\umpp_rps\vendor\codeigniter4\framework\system\View\View.php(217): CodeIgniter\View\View->CodeIgniter\View\{closure}()
#3 C:\xampp\htdocs\umpp_rps\vendor\codeigniter4\framework\system\View\View.php(432): CodeIgniter\View\View->render('admin/sidebar', NULL, true)
#4 C:\xampp\htdocs\umpp_rps\app\Views\admin\v_dashboard.php(7): CodeIgniter\View\View->include('admin/sidebar')
#5 C:\xampp\htdocs\umpp_rps\vendor\codeigniter4\framework\system\View\View.php(214): include('C:\\xampp\\htdocs...')
#6 C:\xampp\htdocs\umpp_rps\vendor\codeigniter4\framework\system\View\View.php(217): CodeIgniter\View\View->CodeIgniter\View\{closure}()
#7 C:\xampp\htdocs\umpp_rps\vendor\codeigniter4\framework\system\Common.php(1097): CodeIgniter\View\View->render('admin/v_dashboa...', Array, true)
#8 C:\xampp\htdocs\umpp_rps\app\Controllers\AdminController.php(22): view('admin/v_dashboa...')
#9 C:\xampp\htdocs\umpp_rps\vendor\codeigniter4\framework\system\CodeIgniter.php(824): App\Controllers\AdminController->index()
#10 C:\xampp\htdocs\umpp_rps\vendor\codeigniter4\framework\system\CodeIgniter.php(410): CodeIgniter\CodeIgniter->runController(Object(App\Controllers\AdminController))
#11 C:\xampp\htdocs\umpp_rps\vendor\codeigniter4\framework\system\CodeIgniter.php(318): CodeIgniter\CodeIgniter->handleRequest(NULL, Object(Config\Cache), false)
#12 C:\xampp\htdocs\umpp_rps\public\index.php(37): CodeIgniter\CodeIgniter->run()
#13 C:\xampp\htdocs\umpp_rps\vendor\codeigniter4\framework\system\Commands\Server\rewrite.php(43): require_once('C:\\xampp\\htdocs...')
#14 {main}
CRITICAL - 2021-11-25 08:52:45 --> Call to undefined function in_group()
#0 C:\xampp\htdocs\umpp_rps\vendor\codeigniter4\framework\system\View\View.php(214): include()
#1 C:\xampp\htdocs\umpp_rps\vendor\codeigniter4\framework\system\View\View.php(217): CodeIgniter\View\View->CodeIgniter\View\{closure}()
#2 C:\xampp\htdocs\umpp_rps\vendor\codeigniter4\framework\system\View\View.php(432): CodeIgniter\View\View->render('admin/sidebar', NULL, true)
#3 C:\xampp\htdocs\umpp_rps\app\Views\admin\v_dashboard.php(7): CodeIgniter\View\View->include('admin/sidebar')
#4 C:\xampp\htdocs\umpp_rps\vendor\codeigniter4\framework\system\View\View.php(214): include('C:\\xampp\\htdocs...')
#5 C:\xampp\htdocs\umpp_rps\vendor\codeigniter4\framework\system\View\View.php(217): CodeIgniter\View\View->CodeIgniter\View\{closure}()
#6 C:\xampp\htdocs\umpp_rps\vendor\codeigniter4\framework\system\Common.php(1097): CodeIgniter\View\View->render('admin/v_dashboa...', Array, true)
#7 C:\xampp\htdocs\umpp_rps\app\Controllers\AdminController.php(22): view('admin/v_dashboa...')
#8 C:\xampp\htdocs\umpp_rps\vendor\codeigniter4\framework\system\CodeIgniter.php(824): App\Controllers\AdminController->index()
#9 C:\xampp\htdocs\umpp_rps\vendor\codeigniter4\framework\system\CodeIgniter.php(410): CodeIgniter\CodeIgniter->runController(Object(App\Controllers\AdminController))
#10 C:\xampp\htdocs\umpp_rps\vendor\codeigniter4\framework\system\CodeIgniter.php(318): CodeIgniter\CodeIgniter->handleRequest(NULL, Object(Config\Cache), false)
#11 C:\xampp\htdocs\umpp_rps\public\index.php(37): CodeIgniter\CodeIgniter->run()
#12 C:\xampp\htdocs\umpp_rps\vendor\codeigniter4\framework\system\Commands\Server\rewrite.php(43): require_once('C:\\xampp\\htdocs...')
#13 {main}
CRITICAL - 2021-11-25 08:53:57 --> Call to undefined function group()
#0 C:\xampp\htdocs\umpp_rps\vendor\codeigniter4\framework\system\View\View.php(214): include()
#1 C:\xampp\htdocs\umpp_rps\vendor\codeigniter4\framework\system\View\View.php(217): CodeIgniter\View\View->CodeIgniter\View\{closure}()
#2 C:\xampp\htdocs\umpp_rps\vendor\codeigniter4\framework\system\View\View.php(432): CodeIgniter\View\View->render('admin/sidebar', NULL, true)
#3 C:\xampp\htdocs\umpp_rps\app\Views\admin\v_dashboard.php(7): CodeIgniter\View\View->include('admin/sidebar')
#4 C:\xampp\htdocs\umpp_rps\vendor\codeigniter4\framework\system\View\View.php(214): include('C:\\xampp\\htdocs...')
#5 C:\xampp\htdocs\umpp_rps\vendor\codeigniter4\framework\system\View\View.php(217): CodeIgniter\View\View->CodeIgniter\View\{closure}()
#6 C:\xampp\htdocs\umpp_rps\vendor\codeigniter4\framework\system\Common.php(1097): CodeIgniter\View\View->render('admin/v_dashboa...', Array, true)
#7 C:\xampp\htdocs\umpp_rps\app\Controllers\AdminController.php(22): view('admin/v_dashboa...')
#8 C:\xampp\htdocs\umpp_rps\vendor\codeigniter4\framework\system\CodeIgniter.php(824): App\Controllers\AdminController->index()
#9 C:\xampp\htdocs\umpp_rps\vendor\codeigniter4\framework\system\CodeIgniter.php(410): CodeIgniter\CodeIgniter->runController(Object(App\Controllers\AdminController))
#10 C:\xampp\htdocs\umpp_rps\vendor\codeigniter4\framework\system\CodeIgniter.php(318): CodeIgniter\CodeIgniter->handleRequest(NULL, Object(Config\Cache), false)
#11 C:\xampp\htdocs\umpp_rps\public\index.php(37): CodeIgniter\CodeIgniter->run()
#12 C:\xampp\htdocs\umpp_rps\vendor\codeigniter4\framework\system\Commands\Server\rewrite.php(43): require_once('C:\\xampp\\htdocs...')
#13 {main}
